Release 14.7 - xst P.20131013 (nt64)
Copyright (c) 1995-2013 Xilinx, Inc.  All rights reserved.
--> Parameter TMPDIR set to xst/projnav.tmp


Total REAL time to Xst completion: 0.00 secs
Total CPU time to Xst completion: 0.13 secs
 
--> Parameter xsthdpdir set to xst


Total REAL time to Xst completion: 0.00 secs
Total CPU time to Xst completion: 0.13 secs
 
--> Reading design: decode.prj

TABLE OF CONTENTS
  1) Synthesis Options Summary
  2) HDL Parsing
  3) HDL Elaboration
  4) HDL Synthesis
       4.1) HDL Synthesis Report
  5) Advanced HDL Synthesis
       5.1) Advanced HDL Synthesis Report
  6) Low Level Synthesis
  7) Partition Report
  8) Design Summary
       8.1) Primitive and Black Box Usage
       8.2) Device utilization summary
       8.3) Partition Resource Summary
       8.4) Timing Report
            8.4.1) Clock Information
            8.4.2) Asynchronous Control Signals Information
            8.4.3) Timing Summary
            8.4.4) Timing Details
            8.4.5) Cross Clock Domains Report


=========================================================================
*                      Synthesis Options Summary                        *
=========================================================================
---- Source Parameters
Input File Name                    : "decode.prj"
Ignore Synthesis Constraint File   : NO

---- Target Parameters
Output File Name                   : "decode"
Output Format                      : NGC
Target Device                      : xa7a100t-2I-csg324

---- Source Options
Top Module Name                    : decode
Automatic FSM Extraction           : YES
FSM Encoding Algorithm             : Auto
Safe Implementation                : No
FSM Style                          : LUT
RAM Extraction                     : Yes
RAM Style                          : Auto
ROM Extraction                     : Yes
Shift Register Extraction          : YES
ROM Style                          : Auto
Resource Sharing                   : YES
Asynchronous To Synchronous        : NO
Shift Register Minimum Size        : 2
Use DSP Block                      : Auto
Automatic Register Balancing       : No

---- Target Options
LUT Combining                      : Auto
Reduce Control Sets                : Auto
Add IO Buffers                     : YES
Global Maximum Fanout              : 100000
Add Generic Clock Buffer(BUFG)     : 32
Register Duplication               : YES
Optimize Instantiated Primitives   : NO
Use Clock Enable                   : Auto
Use Synchronous Set                : Auto
Use Synchronous Reset              : Auto
Pack IO Registers into IOBs        : Auto
Equivalent register Removal        : YES

---- General Options
Optimization Goal                  : Speed
Optimization Effort                : 1
Power Reduction                    : NO
Keep Hierarchy                     : No
Netlist Hierarchy                  : As_Optimized
RTL Output                         : Yes
Global Optimization                : AllClockNets
Read Cores                         : YES
Write Timing Constraints           : NO
Cross Clock Analysis               : NO
Hierarchy Separator                : /
Bus Delimiter                      : <>
Case Specifier                     : Maintain
Slice Utilization Ratio            : 100
BRAM Utilization Ratio             : 100
DSP48 Utilization Ratio            : 100
Auto BRAM Packing                  : NO
Slice Utilization Ratio Delta      : 5

=========================================================================


=========================================================================
*                          HDL Parsing                                  *
=========================================================================
Analyzing Verilog file "D:\Lessons\ArchitectureLab\HW3\Project_9632644\signExtend.v" into library work
Parsing module <signExtend>.
Analyzing Verilog file "D:\Lessons\ArchitectureLab\HW3\Project_9632644\registerFile.v" into library work
Parsing module <registerFile>.
Analyzing Verilog file "D:\Lessons\ArchitectureLab\HW3\Project_9632644\decode.v" into library work
Parsing module <decode>.

=========================================================================
*                            HDL Elaboration                            *
=========================================================================

Elaborating module <decode>.

Elaborating module <registerFile>.
"D:\Lessons\ArchitectureLab\HW3\Project_9632644\registerFile.v" Line 61. $display You can't write in register zero
WARNING:HDLCompiler:189 - "D:\Lessons\ArchitectureLab\HW3\Project_9632644\decode.v" Line 46: Size mismatch in connection of port <writeData>. Formal port size is 16-bit while actual signal size is 1-bit.

Elaborating module <signExtend>.
WARNING:HDLCompiler:634 - "D:\Lessons\ArchitectureLab\HW3\Project_9632644\decode.v" Line 40: Net <regWrite> does not have a driver.
WARNING:HDLCompiler:634 - "D:\Lessons\ArchitectureLab\HW3\Project_9632644\decode.v" Line 46: Net <writeData> does not have a driver.

=========================================================================
*                           HDL Synthesis                               *
=========================================================================

Synthesizing Unit <decode>.
    Related source file is "D:\Lessons\ArchitectureLab\HW3\Project_9632644\decode.v".
WARNING:Xst:653 - Signal <regWrite> is used but never assigned. This sourceless signal will be automatically connected to value GND.
WARNING:Xst:653 - Signal <writeData> is used but never assigned. This sourceless signal will be automatically connected to value GND.
    Summary:
	no macro.
Unit <decode> synthesized.

Synthesizing Unit <registerFile>.
    Related source file is "D:\Lessons\ArchitectureLab\HW3\Project_9632644\registerFile.v".
INFO:Xst:3038 - The RAM <myReg> appears to be read-only. If that was not your intent please check the write enable description.
    Found 8x16-bit dual-port Read Only RAM <Mram_myReg> for signal <myReg>.
    Summary:
	inferred   1 RAM(s).
Unit <registerFile> synthesized.

Synthesizing Unit <signExtend>.
    Related source file is "D:\Lessons\ArchitectureLab\HW3\Project_9632644\signExtend.v".
    Summary:
	no macro.
Unit <signExtend> synthesized.

=========================================================================
HDL Synthesis Report

Macro Statistics
# RAMs                                                 : 1
 8x16-bit dual-port Read Only RAM                      : 1

=========================================================================

=========================================================================
*                       Advanced HDL Synthesis                          *
=========================================================================

WARNING:Xst - The specified part-type was not generated at build time. XST is loading the full part-type and will therefore consume more CPU and memory.
Loading device for application Rf_Device from file '7a100t.nph' in environment C:\Xilinx\14.7\ISE_DS\ISE\.
Loading device for application Rf_Device from file '7a100t.nph' in environment C:\Xilinx\14.7\ISE_DS\ISE\.

Synthesizing (advanced) Unit <registerFile>.
INFO:Xst:3218 - HDL ADVISOR - The RAM <Mram_myReg> will be implemented on LUTs either because you have described an asynchronous read or because of currently unsupported block RAM features. If you have described an asynchronous read, making it synchronous would allow you to take advantage of available block RAM resources, for optimized device usage and improved timings. Please refer to your documentation for coding guidelines.
    -----------------------------------------------------------------------
    | ram_type           | Distributed                         |          |
    -----------------------------------------------------------------------
    | Port A                                                              |
    |     aspect ratio   | 8-word x 16-bit                     |          |
    |     weA            | connected to signal <GND>           | high     |
    |     addrA          | connected to signal <regNum1>       |          |
    |     diA            | connected to signal <GND>           |          |
    |     doA            | connected to signal <readData1>     |          |
    -----------------------------------------------------------------------
    | Port B                                                              |
    |     aspect ratio   | 8-word x 16-bit                     |          |
    |     addrB          | connected to signal <regNum2>       |          |
    |     doB            | connected to signal <readData2>     |          |
    -----------------------------------------------------------------------
Unit <registerFile> synthesized (advanced).

=========================================================================
Advanced HDL Synthesis Report

Macro Statistics
# RAMs                                                 : 1
 8x16-bit dual-port distributed Read Only RAM          : 1

=========================================================================

=========================================================================
*                         Low Level Synthesis                           *
=========================================================================

Optimizing unit <decode> ...
INFO:Xst:2399 - RAMs <myRegFile/Mram_myReg4>, <myRegFile/Mram_myReg5> are equivalent, second RAM is removed
INFO:Xst:2399 - RAMs <myRegFile/Mram_myReg4>, <myRegFile/Mram_myReg6> are equivalent, second RAM is removed
INFO:Xst:2399 - RAMs <myRegFile/Mram_myReg4>, <myRegFile/Mram_myReg7> are equivalent, second RAM is removed
INFO:Xst:2399 - RAMs <myRegFile/Mram_myReg4>, <myRegFile/Mram_myReg8> are equivalent, second RAM is removed
INFO:Xst:2399 - RAMs <myRegFile/Mram_myReg4>, <myRegFile/Mram_myReg9> are equivalent, second RAM is removed
INFO:Xst:2399 - RAMs <myRegFile/Mram_myReg4>, <myRegFile/Mram_myReg10> are equivalent, second RAM is removed
INFO:Xst:2399 - RAMs <myRegFile/Mram_myReg4>, <myRegFile/Mram_myReg11> are equivalent, second RAM is removed
INFO:Xst:2399 - RAMs <myRegFile/Mram_myReg4>, <myRegFile/Mram_myReg12> are equivalent, second RAM is removed
INFO:Xst:2399 - RAMs <myRegFile/Mram_myReg4>, <myRegFile/Mram_myReg13> are equivalent, second RAM is removed
INFO:Xst:2399 - RAMs <myRegFile/Mram_myReg4>, <myRegFile/Mram_myReg14> are equivalent, second RAM is removed
INFO:Xst:2399 - RAMs <myRegFile/Mram_myReg4>, <myRegFile/Mram_myReg15> are equivalent, second RAM is removed
INFO:Xst:2399 - RAMs <myRegFile/Mram_myReg4>, <myRegFile/Mram_myReg16> are equivalent, second RAM is removed

Mapping all equations...
Building and optimizing final netlist ...
Found area constraint ratio of 100 (+ 5) on block decode, actual ratio is 0.

Final Macro Processing ...

=========================================================================
Final Register Report

Found no macro
=========================================================================

=========================================================================
*                           Partition Report                            *
=========================================================================

Partition Implementation Status
-------------------------------

  No Partitions were found in this design.

-------------------------------

=========================================================================
*                            Design Summary                             *
=========================================================================

Top Level Output File Name         : decode.ngc

Primitive and Black Box Usage:
------------------------------
# BELS                             : 2
#      GND                         : 1
#      VCC                         : 1
# RAMS                             : 4
#      RAM32X1D                    : 4
# IO Buffers                       : 73
#      IBUF                        : 16
#      OBUF                        : 57

Device utilization summary:
---------------------------

Selected Device : xa7a100tcsg324-2i 


Slice Logic Utilization: 
 Number of Slice LUTs:                    8  out of  63400     0%  
    Number used as Memory:                8  out of  19000     0%  
       Number used as RAM:                8

Slice Logic Distribution: 
 Number of LUT Flip Flop pairs used:      8
   Number with an unused Flip Flop:       8  out of      8   100%  
   Number with an unused LUT:             0  out of      8     0%  
   Number of fully used LUT-FF pairs:     0  out of      8     0%  
   Number of unique control sets:         0

IO Utilization: 
 Number of IOs:                          74
 Number of bonded IOBs:                  73  out of    210    34%  

Specific Feature Utilization:

---------------------------
Partition Resource Summary:
---------------------------

  No Partitions were found in this design.

---------------------------


=========================================================================
Timing Report

NOTE: THESE TIMING NUMBERS ARE ONLY A SYNTHESIS ESTIMATE.
      FOR ACCURATE TIMING INFORMATION PLEASE REFER TO THE TRACE REPORT
      GENERATED AFTER PLACE-and-ROUTE.

Clock Information:
------------------
-----------------------------------+----------------------------+-------+
Clock Signal                       | Clock buffer(FF name)      | Load  |
-----------------------------------+----------------------------+-------+
N0                                 | NONE(myRegFile/Mram_myReg1)| 4     |
-----------------------------------+----------------------------+-------+
INFO:Xst:2169 - HDL ADVISOR - Some clock signals were not automatically buffered by XST with BUFG/BUFR resources. Please use the buffer_type constraint in order to insert these buffers to the clock signals to help prevent skew problems.

Asynchronous Control Signals Information:
----------------------------------------
No asynchronous control signals found in this design

Timing Summary:
---------------
Speed Grade: -2

   Minimum period: No path found
   Minimum input arrival time before clock: 0.363ns
   Maximum output required time after clock: 1.269ns
   Maximum combinational path delay: 0.867ns

Timing Details:
---------------
All values displayed in nanoseconds (ns)

=========================================================================
Timing constraint: Default OFFSET IN BEFORE for Clock 'N0'
  Total number of paths / destination ports: 24 / 24
-------------------------------------------------------------------------
Offset:              0.363ns (Levels of Logic = 1)
  Source:            instruction<7> (PAD)
  Destination:       myRegFile/Mram_myReg1 (RAM)
  Destination Clock: N0 rising

  Data Path: instruction<7> to myRegFile/Mram_myReg1
                                Gate     Net
    Cell:in->out      fanout   Delay   Delay  Logical Name (Net Name)
    ----------------------------------------  ------------
     IBUF:I->O             5   0.001   0.362  instruction_7_IBUF (rt_0_OBUF)
     RAM32X1D:DPRA0           -0.090          myRegFile/Mram_myReg1
    ----------------------------------------
    Total                      0.363ns (0.001ns logic, 0.362ns route)
                                       (0.3% logic, 99.7% route)

=========================================================================
Timing constraint: Default OFFSET OUT AFTER for Clock 'N0'
  Total number of paths / destination ports: 32 / 32
-------------------------------------------------------------------------
Offset:              1.269ns (Levels of Logic = 1)
  Source:            myRegFile/Mram_myReg4 (RAM)
  Destination:       readData1<15> (PAD)
  Source Clock:      N0 rising

  Data Path: myRegFile/Mram_myReg4 to readData1<15>
                                Gate     Net
    Cell:in->out      fanout   Delay   Delay  Logical Name (Net Name)
    ----------------------------------------  ------------
     RAM32X1D:WCLK->SPO   13   0.862   0.407  myRegFile/Mram_myReg4 (readData1_3_OBUF)
     OBUF:I->O                 0.000          readData1_15_OBUF (readData1<15>)
    ----------------------------------------
    Total                      1.269ns (0.862ns logic, 0.407ns route)
                                       (67.9% logic, 32.1% route)

=========================================================================
Timing constraint: Default path analysis
  Total number of paths / destination ports: 121 / 57
-------------------------------------------------------------------------
Delay:               0.867ns (Levels of Logic = 3)
  Source:            instruction<7> (PAD)
  Destination:       readData2<15> (PAD)

  Data Path: instruction<7> to readData2<15>
                                Gate     Net
    Cell:in->out      fanout   Delay   Delay  Logical Name (Net Name)
    ----------------------------------------  ------------
     IBUF:I->O             5   0.001   0.362  instruction_7_IBUF (rt_0_OBUF)
     RAM32X1D:DPRA0->DPO   13   0.097   0.407  myRegFile/Mram_myReg4 (readData2_3_OBUF)
     OBUF:I->O                 0.000          readData2_15_OBUF (readData2<15>)
    ----------------------------------------
    Total                      0.867ns (0.098ns logic, 0.769ns route)
                                       (11.3% logic, 88.7% route)

=========================================================================

Cross Clock Domains Report:
--------------------------

=========================================================================


Total REAL time to Xst completion: 41.00 secs
Total CPU time to Xst completion: 40.70 secs
 
--> 

Total memory usage is 5033988 kilobytes

Number of errors   :    0 (   0 filtered)
Number of warnings :    6 (   0 filtered)
Number of infos    :   15 (   0 filtered)

