ISim log file
Running: C:\Users\saina\Desktop\Project_9632644 - Reset\MIPSTest_isim_beh.exe -intstyle ise -gui -tclbatch isim.cmd -wdb C:/Users/saina/Desktop/Project_9632644 - Reset/MIPSTest_isim_beh.wdb 
ISim P.20131013 (signature 0x7708f090)
This is a Full version of ISim.
Time resolution is 1 ps
# onerror resume
# wave add /
# run 1000 ns
Simulator is doing circuit initialization process.
Finished circuit initialization process.
ISim P.20131013 (signature 0x7708f090)
This is a Full version of ISim.
# run 1000 ns
Simulator is doing circuit initialization process.
Finished circuit initialization process.
ISim P.20131013 (signature 0x7708f090)
This is a Full version of ISim.
# run 1000 ns
Simulator is doing circuit initialization process.
Finished circuit initialization process.
# run 100.00us
You can't write in register zero
You can't write in register zero
You can't write in register zero
You can't write in register zero
You can't write in register zero
You can't write in register zero
You can't write in register zero
You can't write in register zero
You can't write in register zero
You can't write in register zero
You can't write in register zero
You can't write in register zero
# run 100.00us
You can't write in register zero
# run 200.00us
You can't write in register zero
